/home/elena/.local/lib/python3.10/site-packages/setuptools/_distutils/dist.py:287: UserWarning: Unknown distribution option: 'tests_require'
  warnings.warn(msg)
running egg_info
creating ../../build/uav_mission/uav_mission.egg-info
writing ../../build/uav_mission/uav_mission.egg-info/PKG-INFO
writing dependency_links to ../../build/uav_mission/uav_mission.egg-info/dependency_links.txt
writing entry points to ../../build/uav_mission/uav_mission.egg-info/entry_points.txt
writing requirements to ../../build/uav_mission/uav_mission.egg-info/requires.txt
writing top-level names to ../../build/uav_mission/uav_mission.egg-info/top_level.txt
writing manifest file '../../build/uav_mission/uav_mission.egg-info/SOURCES.txt'
reading manifest file '../../build/uav_mission/uav_mission.egg-info/SOURCES.txt'
writing manifest file '../../build/uav_mission/uav_mission.egg-info/SOURCES.txt'
running build
running build_py
creating /home/elena/Documentos/GitHub/IR2136/build/uav_mission/build/lib/uav_mission
copying uav_mission/__init__.py -> /home/elena/Documentos/GitHub/IR2136/build/uav_mission/build/lib/uav_mission
copying uav_mission/mvs_straight_photo_node.py -> /home/elena/Documentos/GitHub/IR2136/build/uav_mission/build/lib/uav_mission
creating /home/elena/Documentos/GitHub/IR2136/build/uav_mission/build/lib/uav_mission/nodes
copying uav_mission/nodes/json_to_marker.py -> /home/elena/Documentos/GitHub/IR2136/build/uav_mission/build/lib/uav_mission/nodes
copying uav_mission/nodes/__init__.py -> /home/elena/Documentos/GitHub/IR2136/build/uav_mission/build/lib/uav_mission/nodes
copying uav_mission/nodes/mvs_straight_photo.py -> /home/elena/Documentos/GitHub/IR2136/build/uav_mission/build/lib/uav_mission/nodes
running install
running install_lib
creating /home/elena/Documentos/GitHub/IR2136/install/uav_mission/lib/python3.10/site-packages/uav_mission
copying /home/elena/Documentos/GitHub/IR2136/build/uav_mission/build/lib/uav_mission/__init__.py -> /home/elena/Documentos/GitHub/IR2136/install/uav_mission/lib/python3.10/site-packages/uav_mission
copying /home/elena/Documentos/GitHub/IR2136/build/uav_mission/build/lib/uav_mission/mvs_straight_photo_node.py -> /home/elena/Documentos/GitHub/IR2136/install/uav_mission/lib/python3.10/site-packages/uav_mission
creating /home/elena/Documentos/GitHub/IR2136/install/uav_mission/lib/python3.10/site-packages/uav_mission/nodes
copying /home/elena/Documentos/GitHub/IR2136/build/uav_mission/build/lib/uav_mission/nodes/json_to_marker.py -> /home/elena/Documentos/GitHub/IR2136/install/uav_mission/lib/python3.10/site-packages/uav_mission/nodes
copying /home/elena/Documentos/GitHub/IR2136/build/uav_mission/build/lib/uav_mission/nodes/__init__.py -> /home/elena/Documentos/GitHub/IR2136/install/uav_mission/lib/python3.10/site-packages/uav_mission/nodes
copying /home/elena/Documentos/GitHub/IR2136/build/uav_mission/build/lib/uav_mission/nodes/mvs_straight_photo.py -> /home/elena/Documentos/GitHub/IR2136/install/uav_mission/lib/python3.10/site-packages/uav_mission/nodes
byte-compiling /home/elena/Documentos/GitHub/IR2136/install/uav_mission/lib/python3.10/site-packages/uav_mission/__init__.py to __init__.cpython-310.pyc
byte-compiling /home/elena/Documentos/GitHub/IR2136/install/uav_mission/lib/python3.10/site-packages/uav_mission/mvs_straight_photo_node.py to mvs_straight_photo_node.cpython-310.pyc
byte-compiling /home/elena/Documentos/GitHub/IR2136/install/uav_mission/lib/python3.10/site-packages/uav_mission/nodes/json_to_marker.py to json_to_marker.cpython-310.pyc
byte-compiling /home/elena/Documentos/GitHub/IR2136/install/uav_mission/lib/python3.10/site-packages/uav_mission/nodes/__init__.py to __init__.cpython-310.pyc
byte-compiling /home/elena/Documentos/GitHub/IR2136/install/uav_mission/lib/python3.10/site-packages/uav_mission/nodes/mvs_straight_photo.py to mvs_straight_photo.cpython-310.pyc
running install_data
creating /home/elena/Documentos/GitHub/IR2136/install/uav_mission/share/ament_index/resource_index/packages
copying resource/uav_mission -> /home/elena/Documentos/GitHub/IR2136/install/uav_mission/share/ament_index/resource_index/packages
copying package.xml -> /home/elena/Documentos/GitHub/IR2136/install/uav_mission/share/uav_mission
creating /home/elena/Documentos/GitHub/IR2136/install/uav_mission/share/uav_mission/launch
copying launch/mission_full.launch.py -> /home/elena/Documentos/GitHub/IR2136/install/uav_mission/share/uav_mission/launch
running install_egg_info
Copying ../../build/uav_mission/uav_mission.egg-info to /home/elena/Documentos/GitHub/IR2136/install/uav_mission/lib/python3.10/site-packages/uav_mission-0.0.0-py3.10.egg-info
running install_scripts
Installing mvs_straight_photo script to /home/elena/Documentos/GitHub/IR2136/install/uav_mission/lib/uav_mission
writing list of installed files to '/home/elena/Documentos/GitHub/IR2136/build/uav_mission/install.log'
