running egg_info
creating ../../build/uav_bridge/uav_bridge.egg-info
writing ../../build/uav_bridge/uav_bridge.egg-info/PKG-INFO
writing dependency_links to ../../build/uav_bridge/uav_bridge.egg-info/dependency_links.txt
writing requirements to ../../build/uav_bridge/uav_bridge.egg-info/requires.txt
writing top-level names to ../../build/uav_bridge/uav_bridge.egg-info/top_level.txt
writing manifest file '../../build/uav_bridge/uav_bridge.egg-info/SOURCES.txt'
reading manifest file '../../build/uav_bridge/uav_bridge.egg-info/SOURCES.txt'
writing manifest file '../../build/uav_bridge/uav_bridge.egg-info/SOURCES.txt'
running build
running build_py
creating /home/elena/Documentos/GitHub/IR2136/build/uav_bridge/build/lib/uav_bridge
copying uav_bridge/__init__.py -> /home/elena/Documentos/GitHub/IR2136/build/uav_bridge/build/lib/uav_bridge
running install
running install_lib
creating /home/elena/Documentos/GitHub/IR2136/install/uav_bridge/lib/python3.10/site-packages/uav_bridge
copying /home/elena/Documentos/GitHub/IR2136/build/uav_bridge/build/lib/uav_bridge/__init__.py -> /home/elena/Documentos/GitHub/IR2136/install/uav_bridge/lib/python3.10/site-packages/uav_bridge
byte-compiling /home/elena/Documentos/GitHub/IR2136/install/uav_bridge/lib/python3.10/site-packages/uav_bridge/__init__.py to __init__.cpython-310.pyc
running install_data
creating /home/elena/Documentos/GitHub/IR2136/install/uav_bridge/share/ament_index/resource_index/packages
copying resource/uav_bridge -> /home/elena/Documentos/GitHub/IR2136/install/uav_bridge/share/ament_index/resource_index/packages
copying package.xml -> /home/elena/Documentos/GitHub/IR2136/install/uav_bridge/share/uav_bridge
running install_egg_info
Copying ../../build/uav_bridge/uav_bridge.egg-info to /home/elena/Documentos/GitHub/IR2136/install/uav_bridge/lib/python3.10/site-packages/uav_bridge-0.0.0-py3.10.egg-info
running install_scripts
writing list of installed files to '/home/elena/Documentos/GitHub/IR2136/build/uav_bridge/install.log'
