[0.606s] Invoking command in '/home/elena/Documentos/GitHub/IR2136/src/uav_bridge': PYTHONPATH=/home/elena/Documentos/GitHub/IR2136/build/uav_bridge/prefix_override:/usr/lib/python3/dist-packages/colcon_core/task/python/colcon_distutils_commands:/home/elena/Documentos/GitHub/IR2136/install/uav_bridge/lib/python3.10/site-packages:${PYTHONPATH} /usr/bin/python3 -W ignore:setup.py install is deprecated -W ignore:easy_install command is deprecated setup.py egg_info --egg-base ../../build/uav_bridge build --build-base /home/elena/Documentos/GitHub/IR2136/build/uav_bridge/build install --record /home/elena/Documentos/GitHub/IR2136/build/uav_bridge/install.log --single-version-externally-managed install_data
[0.734s] running egg_info
[0.741s] creating ../../build/uav_bridge/uav_bridge.egg-info
[0.741s] writing ../../build/uav_bridge/uav_bridge.egg-info/PKG-INFO
[0.742s] writing dependency_links to ../../build/uav_bridge/uav_bridge.egg-info/dependency_links.txt
[0.742s] writing requirements to ../../build/uav_bridge/uav_bridge.egg-info/requires.txt
[0.742s] writing top-level names to ../../build/uav_bridge/uav_bridge.egg-info/top_level.txt
[0.742s] writing manifest file '../../build/uav_bridge/uav_bridge.egg-info/SOURCES.txt'
[0.757s] reading manifest file '../../build/uav_bridge/uav_bridge.egg-info/SOURCES.txt'
[0.758s] writing manifest file '../../build/uav_bridge/uav_bridge.egg-info/SOURCES.txt'
[0.758s] running build
[0.758s] running build_py
[0.758s] creating /home/elena/Documentos/GitHub/IR2136/build/uav_bridge/build/lib/uav_bridge
[0.758s] copying uav_bridge/__init__.py -> /home/elena/Documentos/GitHub/IR2136/build/uav_bridge/build/lib/uav_bridge
[0.758s] running install
[0.760s] running install_lib
[0.768s] creating /home/elena/Documentos/GitHub/IR2136/install/uav_bridge/lib/python3.10/site-packages/uav_bridge
[0.768s] copying /home/elena/Documentos/GitHub/IR2136/build/uav_bridge/build/lib/uav_bridge/__init__.py -> /home/elena/Documentos/GitHub/IR2136/install/uav_bridge/lib/python3.10/site-packages/uav_bridge
[0.768s] byte-compiling /home/elena/Documentos/GitHub/IR2136/install/uav_bridge/lib/python3.10/site-packages/uav_bridge/__init__.py to __init__.cpython-310.pyc
[0.768s] running install_data
[0.769s] creating /home/elena/Documentos/GitHub/IR2136/install/uav_bridge/share/ament_index/resource_index/packages
[0.769s] copying resource/uav_bridge -> /home/elena/Documentos/GitHub/IR2136/install/uav_bridge/share/ament_index/resource_index/packages
[0.769s] copying package.xml -> /home/elena/Documentos/GitHub/IR2136/install/uav_bridge/share/uav_bridge
[0.769s] running install_egg_info
[0.777s] Copying ../../build/uav_bridge/uav_bridge.egg-info to /home/elena/Documentos/GitHub/IR2136/install/uav_bridge/lib/python3.10/site-packages/uav_bridge-0.0.0-py3.10.egg-info
[0.778s] running install_scripts
[0.793s] writing list of installed files to '/home/elena/Documentos/GitHub/IR2136/build/uav_bridge/install.log'
[0.816s] Invoked command in '/home/elena/Documentos/GitHub/IR2136/src/uav_bridge' returned '0': PYTHONPATH=/home/elena/Documentos/GitHub/IR2136/build/uav_bridge/prefix_override:/usr/lib/python3/dist-packages/colcon_core/task/python/colcon_distutils_commands:/home/elena/Documentos/GitHub/IR2136/install/uav_bridge/lib/python3.10/site-packages:${PYTHONPATH} /usr/bin/python3 -W ignore:setup.py install is deprecated -W ignore:easy_install command is deprecated setup.py egg_info --egg-base ../../build/uav_bridge build --build-base /home/elena/Documentos/GitHub/IR2136/build/uav_bridge/build install --record /home/elena/Documentos/GitHub/IR2136/build/uav_bridge/install.log --single-version-externally-managed install_data
