/home/elena/.local/lib/python3.10/site-packages/setuptools/_distutils/dist.py:287: UserWarning: Unknown distribution option: 'tests_require'
  warnings.warn(msg)
running egg_info
creating ../../build/uav_inspection/uav_inspection.egg-info
writing ../../build/uav_inspection/uav_inspection.egg-info/PKG-INFO
writing dependency_links to ../../build/uav_inspection/uav_inspection.egg-info/dependency_links.txt
writing requirements to ../../build/uav_inspection/uav_inspection.egg-info/requires.txt
writing top-level names to ../../build/uav_inspection/uav_inspection.egg-info/top_level.txt
writing manifest file '../../build/uav_inspection/uav_inspection.egg-info/SOURCES.txt'
reading manifest file '../../build/uav_inspection/uav_inspection.egg-info/SOURCES.txt'
writing manifest file '../../build/uav_inspection/uav_inspection.egg-info/SOURCES.txt'
running build
running build_py
creating /home/elena/Documentos/GitHub/IR2136/build/uav_inspection/build/lib/uav_inspection
copying uav_inspection/mavlink_flight.py -> /home/elena/Documentos/GitHub/IR2136/build/uav_inspection/build/lib/uav_inspection
copying uav_inspection/__init__.py -> /home/elena/Documentos/GitHub/IR2136/build/uav_inspection/build/lib/uav_inspection
copying uav_inspection/incidents_reporter.py -> /home/elena/Documentos/GitHub/IR2136/build/uav_inspection/build/lib/uav_inspection
copying uav_inspection/vision_change_detector.py -> /home/elena/Documentos/GitHub/IR2136/build/uav_inspection/build/lib/uav_inspection
running install
running install_lib
creating /home/elena/Documentos/GitHub/IR2136/install/uav_inspection/lib/python3.10/site-packages/uav_inspection
copying /home/elena/Documentos/GitHub/IR2136/build/uav_inspection/build/lib/uav_inspection/mavlink_flight.py -> /home/elena/Documentos/GitHub/IR2136/install/uav_inspection/lib/python3.10/site-packages/uav_inspection
copying /home/elena/Documentos/GitHub/IR2136/build/uav_inspection/build/lib/uav_inspection/__init__.py -> /home/elena/Documentos/GitHub/IR2136/install/uav_inspection/lib/python3.10/site-packages/uav_inspection
copying /home/elena/Documentos/GitHub/IR2136/build/uav_inspection/build/lib/uav_inspection/incidents_reporter.py -> /home/elena/Documentos/GitHub/IR2136/install/uav_inspection/lib/python3.10/site-packages/uav_inspection
copying /home/elena/Documentos/GitHub/IR2136/build/uav_inspection/build/lib/uav_inspection/vision_change_detector.py -> /home/elena/Documentos/GitHub/IR2136/install/uav_inspection/lib/python3.10/site-packages/uav_inspection
byte-compiling /home/elena/Documentos/GitHub/IR2136/install/uav_inspection/lib/python3.10/site-packages/uav_inspection/mavlink_flight.py to mavlink_flight.cpython-310.pyc
byte-compiling /home/elena/Documentos/GitHub/IR2136/install/uav_inspection/lib/python3.10/site-packages/uav_inspection/__init__.py to __init__.cpython-310.pyc
byte-compiling /home/elena/Documentos/GitHub/IR2136/install/uav_inspection/lib/python3.10/site-packages/uav_inspection/incidents_reporter.py to incidents_reporter.cpython-310.pyc
byte-compiling /home/elena/Documentos/GitHub/IR2136/install/uav_inspection/lib/python3.10/site-packages/uav_inspection/vision_change_detector.py to vision_change_detector.cpython-310.pyc
running install_data
creating /home/elena/Documentos/GitHub/IR2136/install/uav_inspection/share/ament_index/resource_index/packages
copying resource/uav_inspection -> /home/elena/Documentos/GitHub/IR2136/install/uav_inspection/share/ament_index/resource_index/packages
copying package.xml -> /home/elena/Documentos/GitHub/IR2136/install/uav_inspection/share/uav_inspection
creating /home/elena/Documentos/GitHub/IR2136/install/uav_inspection/share/uav_inspection/launch
running install_egg_info
Copying ../../build/uav_inspection/uav_inspection.egg-info to /home/elena/Documentos/GitHub/IR2136/install/uav_inspection/lib/python3.10/site-packages/uav_inspection-0.0.0-py3.10.egg-info
running install_scripts
writing list of installed files to '/home/elena/Documentos/GitHub/IR2136/build/uav_inspection/install.log'
