[0.055s] DEBUG:colcon:Command line arguments: ['/usr/bin/colcon', 'build']
[0.055s] DEBUG:colcon:Parsed command line arguments: Namespace(log_base=None, log_level=None, verb_name='build', build_base='build', install_base='install', merge_install=False, symlink_install=False, test_result_base=None, continue_on_error=False, executor='parallel', parallel_workers=20, event_handlers=None, ignore_user_meta=False, metas=['./colcon.meta'], base_paths=['.'], packages_ignore=None, packages_ignore_regex=None, paths=None, packages_up_to=None, packages_up_to_regex=None, packages_above=None, packages_above_and_dependencies=None, packages_above_depth=None, packages_select_by_dep=None, packages_skip_by_dep=None, packages_skip_up_to=None, packages_select_build_failed=False, packages_skip_build_finished=False, packages_select_test_failures=False, packages_skip_test_passed=False, packages_select=None, packages_skip=None, packages_select_regex=None, packages_skip_regex=None, packages_start=None, packages_end=None, allow_overriding=[], cmake_args=None, cmake_target=None, cmake_target_skip_unavailable=False, cmake_clean_cache=False, cmake_clean_first=False, cmake_force_configure=False, ament_cmake_args=None, catkin_cmake_args=None, catkin_skip_building_tests=False, mixin_files=None, mixin=None, verb_parser=<colcon_mixin.mixin.mixin_argument.MixinArgumentDecorator object at 0x72ab9d15bf70>, verb_extension=<colcon_core.verb.build.BuildVerb object at 0x72ab9d15b8e0>, main=<bound method BuildVerb.main of <colcon_core.verb.build.BuildVerb object at 0x72ab9d15b8e0>>, mixin_verb=('build',))
[0.076s] Level 1:colcon.colcon_core.package_discovery:discover_packages(colcon_meta) check parameters
[0.076s] Level 1:colcon.colcon_core.package_discovery:discover_packages(recursive) check parameters
[0.076s] Level 1:colcon.colcon_core.package_discovery:discover_packages(ignore) check parameters
[0.076s] Level 1:colcon.colcon_core.package_discovery:discover_packages(path) check parameters
[0.076s] Level 1:colcon.colcon_core.package_discovery:discover_packages(colcon_meta) discover
[0.076s] Level 1:colcon.colcon_core.package_discovery:discover_packages(recursive) discover
[0.076s] INFO:colcon.colcon_core.package_discovery:Crawling recursively for packages in '/home/elena/Documentos/GitHub/IR2136'
[0.076s] Level 1:colcon.colcon_core.package_identification:_identify(.) by extensions ['ignore', 'ignore_ament_install']
[0.076s] Level 1:colcon.colcon_core.package_identification:_identify(.) by extension 'ignore'
[0.076s] Level 1:colcon.colcon_core.package_identification:_identify(.) by extension 'ignore_ament_install'
[0.076s] Level 1:colcon.colcon_core.package_identification:_identify(.) by extensions ['colcon_pkg']
[0.076s] Level 1:colcon.colcon_core.package_identification:_identify(.) by extension 'colcon_pkg'
[0.076s] Level 1:colcon.colcon_core.package_identification:_identify(.) by extensions ['colcon_meta']
[0.076s] Level 1:colcon.colcon_core.package_identification:_identify(.) by extension 'colcon_meta'
[0.076s] Level 1:colcon.colcon_core.package_identification:_identify(.) by extensions ['ros']
[0.076s] Level 1:colcon.colcon_core.package_identification:_identify(.) by extension 'ros'
[0.084s] Level 1:colcon.colcon_core.package_identification:_identify(.) by extensions ['cmake', 'python']
[0.084s] Level 1:colcon.colcon_core.package_identification:_identify(.) by extension 'cmake'
[0.084s] Level 1:colcon.colcon_core.package_identification:_identify(.) by extension 'python'
[0.084s] Level 1:colcon.colcon_core.package_identification:_identify(.) by extensions ['python_setup_py']
[0.084s] Level 1:colcon.colcon_core.package_identification:_identify(.) by extension 'python_setup_py'
[0.085s] Level 1:colcon.colcon_core.package_identification:_identify(ardupilot_gazebo) by extensions ['ignore', 'ignore_ament_install']
[0.085s] Level 1:colcon.colcon_core.package_identification:_identify(ardupilot_gazebo) by extension 'ignore'
[0.085s] Level 1:colcon.colcon_core.package_identification:_identify(ardupilot_gazebo) by extension 'ignore_ament_install'
[0.085s] Level 1:colcon.colcon_core.package_identification:_identify(ardupilot_gazebo) by extensions ['colcon_pkg']
[0.085s] Level 1:colcon.colcon_core.package_identification:_identify(ardupilot_gazebo) by extension 'colcon_pkg'
[0.085s] Level 1:colcon.colcon_core.package_identification:_identify(ardupilot_gazebo) by extensions ['colcon_meta']
[0.085s] Level 1:colcon.colcon_core.package_identification:_identify(ardupilot_gazebo) by extension 'colcon_meta'
[0.085s] Level 1:colcon.colcon_core.package_identification:_identify(ardupilot_gazebo) by extensions ['ros']
[0.085s] Level 1:colcon.colcon_core.package_identification:_identify(ardupilot_gazebo) by extension 'ros'
[0.085s] Level 1:colcon.colcon_core.package_identification:_identify(ardupilot_gazebo) by extensions ['cmake', 'python']
[0.085s] Level 1:colcon.colcon_core.package_identification:_identify(ardupilot_gazebo) by extension 'cmake'
[0.085s] Level 1:colcon.colcon_core.package_identification:_identify(ardupilot_gazebo) by extension 'python'
[0.085s] Level 1:colcon.colcon_core.package_identification:_identify(ardupilot_gazebo) by extensions ['python_setup_py']
[0.085s] Level 1:colcon.colcon_core.package_identification:_identify(ardupilot_gazebo) by extension 'python_setup_py'
[0.085s] Level 1:colcon.colcon_core.package_identification:_identify(ardupilot_gazebo/models) by extensions ['ignore', 'ignore_ament_install']
[0.085s] Level 1:colcon.colcon_core.package_identification:_identify(ardupilot_gazebo/models) by extension 'ignore'
[0.085s] Level 1:colcon.colcon_core.package_identification:_identify(ardupilot_gazebo/models) by extension 'ignore_ament_install'
[0.085s] Level 1:colcon.colcon_core.package_identification:_identify(ardupilot_gazebo/models) by extensions ['colcon_pkg']
[0.085s] Level 1:colcon.colcon_core.package_identification:_identify(ardupilot_gazebo/models) by extension 'colcon_pkg'
[0.085s] Level 1:colcon.colcon_core.package_identification:_identify(ardupilot_gazebo/models) by extensions ['colcon_meta']
[0.085s] Level 1:colcon.colcon_core.package_identification:_identify(ardupilot_gazebo/models) by extension 'colcon_meta'
[0.085s] Level 1:colcon.colcon_core.package_identification:_identify(ardupilot_gazebo/models) by extensions ['ros']
[0.085s] Level 1:colcon.colcon_core.package_identification:_identify(ardupilot_gazebo/models) by extension 'ros'
[0.085s] Level 1:colcon.colcon_core.package_identification:_identify(ardupilot_gazebo/models) by extensions ['cmake', 'python']
[0.085s] Level 1:colcon.colcon_core.package_identification:_identify(ardupilot_gazebo/models) by extension 'cmake'
[0.085s] Level 1:colcon.colcon_core.package_identification:_identify(ardupilot_gazebo/models) by extension 'python'
[0.085s] Level 1:colcon.colcon_core.package_identification:_identify(ardupilot_gazebo/models) by extensions ['python_setup_py']
[0.085s] Level 1:colcon.colcon_core.package_identification:_identify(ardupilot_gazebo/models) by extension 'python_setup_py'
[0.085s] Level 1:colcon.colcon_core.package_identification:_identify(ardupilot_gazebo/models/iris_opt_flow) by extensions ['ignore', 'ignore_ament_install']
[0.085s] Level 1:colcon.colcon_core.package_identification:_identify(ardupilot_gazebo/models/iris_opt_flow) by extension 'ignore'
[0.085s] Level 1:colcon.colcon_core.package_identification:_identify(ardupilot_gazebo/models/iris_opt_flow) by extension 'ignore_ament_install'
[0.085s] Level 1:colcon.colcon_core.package_identification:_identify(ardupilot_gazebo/models/iris_opt_flow) by extensions ['colcon_pkg']
[0.085s] Level 1:colcon.colcon_core.package_identification:_identify(ardupilot_gazebo/models/iris_opt_flow) by extension 'colcon_pkg'
[0.085s] Level 1:colcon.colcon_core.package_identification:_identify(ardupilot_gazebo/models/iris_opt_flow) by extensions ['colcon_meta']
[0.085s] Level 1:colcon.colcon_core.package_identification:_identify(ardupilot_gazebo/models/iris_opt_flow) by extension 'colcon_meta'
[0.085s] Level 1:colcon.colcon_core.package_identification:_identify(ardupilot_gazebo/models/iris_opt_flow) by extensions ['ros']
[0.085s] Level 1:colcon.colcon_core.package_identification:_identify(ardupilot_gazebo/models/iris_opt_flow) by extension 'ros'
[0.085s] Level 1:colcon.colcon_core.package_identification:_identify(ardupilot_gazebo/models/iris_opt_flow) by extensions ['cmake', 'python']
[0.085s] Level 1:colcon.colcon_core.package_identification:_identify(ardupilot_gazebo/models/iris_opt_flow) by extension 'cmake'
[0.085s] Level 1:colcon.colcon_core.package_identification:_identify(ardupilot_gazebo/models/iris_opt_flow) by extension 'python'
[0.085s] Level 1:colcon.colcon_core.package_identification:_identify(ardupilot_gazebo/models/iris_opt_flow) by extensions ['python_setup_py']
[0.085s] Level 1:colcon.colcon_core.package_identification:_identify(ardupilot_gazebo/models/iris_opt_flow) by extension 'python_setup_py'
[0.085s] Level 1:colcon.colcon_core.package_identification:_identify(ardupilot_gazebo/models/iris_with_ardupilot) by extensions ['ignore', 'ignore_ament_install']
[0.085s] Level 1:colcon.colcon_core.package_identification:_identify(ardupilot_gazebo/models/iris_with_ardupilot) by extension 'ignore'
[0.085s] Level 1:colcon.colcon_core.package_identification:_identify(ardupilot_gazebo/models/iris_with_ardupilot) by extension 'ignore_ament_install'
[0.085s] Level 1:colcon.colcon_core.package_identification:_identify(ardupilot_gazebo/models/iris_with_ardupilot) by extensions ['colcon_pkg']
[0.085s] Level 1:colcon.colcon_core.package_identification:_identify(ardupilot_gazebo/models/iris_with_ardupilot) by extension 'colcon_pkg'
[0.085s] Level 1:colcon.colcon_core.package_identification:_identify(ardupilot_gazebo/models/iris_with_ardupilot) by extensions ['colcon_meta']
[0.085s] Level 1:colcon.colcon_core.package_identification:_identify(ardupilot_gazebo/models/iris_with_ardupilot) by extension 'colcon_meta'
[0.086s] Level 1:colcon.colcon_core.package_identification:_identify(ardupilot_gazebo/models/iris_with_ardupilot) by extensions ['ros']
[0.086s] Level 1:colcon.colcon_core.package_identification:_identify(ardupilot_gazebo/models/iris_with_ardupilot) by extension 'ros'
[0.086s] Level 1:colcon.colcon_core.package_identification:_identify(ardupilot_gazebo/models/iris_with_ardupilot) by extensions ['cmake', 'python']
[0.086s] Level 1:colcon.colcon_core.package_identification:_identify(ardupilot_gazebo/models/iris_with_ardupilot) by extension 'cmake'
[0.086s] Level 1:colcon.colcon_core.package_identification:_identify(ardupilot_gazebo/models/iris_with_ardupilot) by extension 'python'
[0.086s] Level 1:colcon.colcon_core.package_identification:_identify(ardupilot_gazebo/models/iris_with_ardupilot) by extensions ['python_setup_py']
[0.086s] Level 1:colcon.colcon_core.package_identification:_identify(ardupilot_gazebo/models/iris_with_ardupilot) by extension 'python_setup_py'
[0.086s] Level 1:colcon.colcon_core.package_identification:_identify(ardupilot_gazebo/models/iris_with_standoffs) by extensions ['ignore', 'ignore_ament_install']
[0.086s] Level 1:colcon.colcon_core.package_identification:_identify(ardupilot_gazebo/models/iris_with_standoffs) by extension 'ignore'
[0.086s] Level 1:colcon.colcon_core.package_identification:_identify(ardupilot_gazebo/models/iris_with_standoffs) by extension 'ignore_ament_install'
[0.086s] Level 1:colcon.colcon_core.package_identification:_identify(ardupilot_gazebo/models/iris_with_standoffs) by extensions ['colcon_pkg']
[0.086s] Level 1:colcon.colcon_core.package_identification:_identify(ardupilot_gazebo/models/iris_with_standoffs) by extension 'colcon_pkg'
[0.086s] Level 1:colcon.colcon_core.package_identification:_identify(ardupilot_gazebo/models/iris_with_standoffs) by extensions ['colcon_meta']
[0.086s] Level 1:colcon.colcon_core.package_identification:_identify(ardupilot_gazebo/models/iris_with_standoffs) by extension 'colcon_meta'
[0.086s] Level 1:colcon.colcon_core.package_identification:_identify(ardupilot_gazebo/models/iris_with_standoffs) by extensions ['ros']
[0.086s] Level 1:colcon.colcon_core.package_identification:_identify(ardupilot_gazebo/models/iris_with_standoffs) by extension 'ros'
[0.086s] Level 1:colcon.colcon_core.package_identification:_identify(ardupilot_gazebo/models/iris_with_standoffs) by extensions ['cmake', 'python']
[0.086s] Level 1:colcon.colcon_core.package_identification:_identify(ardupilot_gazebo/models/iris_with_standoffs) by extension 'cmake'
[0.086s] Level 1:colcon.colcon_core.package_identification:_identify(ardupilot_gazebo/models/iris_with_standoffs) by extension 'python'
[0.086s] Level 1:colcon.colcon_core.package_identification:_identify(ardupilot_gazebo/models/iris_with_standoffs) by extensions ['python_setup_py']
[0.086s] Level 1:colcon.colcon_core.package_identification:_identify(ardupilot_gazebo/models/iris_with_standoffs) by extension 'python_setup_py'
[0.086s] Level 1:colcon.colcon_core.package_identification:_identify(ardupilot_gazebo/models/iris_with_standoffs/meshes) by extensions ['ignore', 'ignore_ament_install']
[0.086s] Level 1:colcon.colcon_core.package_identification:_identify(ardupilot_gazebo/models/iris_with_standoffs/meshes) by extension 'ignore'
[0.086s] Level 1:colcon.colcon_core.package_identification:_identify(ardupilot_gazebo/models/iris_with_standoffs/meshes) by extension 'ignore_ament_install'
[0.086s] Level 1:colcon.colcon_core.package_identification:_identify(ardupilot_gazebo/models/iris_with_standoffs/meshes) by extensions ['colcon_pkg']
[0.086s] Level 1:colcon.colcon_core.package_identification:_identify(ardupilot_gazebo/models/iris_with_standoffs/meshes) by extension 'colcon_pkg'
[0.086s] Level 1:colcon.colcon_core.package_identification:_identify(ardupilot_gazebo/models/iris_with_standoffs/meshes) by extensions ['colcon_meta']
[0.086s] Level 1:colcon.colcon_core.package_identification:_identify(ardupilot_gazebo/models/iris_with_standoffs/meshes) by extension 'colcon_meta'
[0.086s] Level 1:colcon.colcon_core.package_identification:_identify(ardupilot_gazebo/models/iris_with_standoffs/meshes) by extensions ['ros']
[0.086s] Level 1:colcon.colcon_core.package_identification:_identify(ardupilot_gazebo/models/iris_with_standoffs/meshes) by extension 'ros'
[0.086s] Level 1:colcon.colcon_core.package_identification:_identify(ardupilot_gazebo/models/iris_with_standoffs/meshes) by extensions ['cmake', 'python']
[0.086s] Level 1:colcon.colcon_core.package_identification:_identify(ardupilot_gazebo/models/iris_with_standoffs/meshes) by extension 'cmake'
[0.086s] Level 1:colcon.colcon_core.package_identification:_identify(ardupilot_gazebo/models/iris_with_standoffs/meshes) by extension 'python'
[0.086s] Level 1:colcon.colcon_core.package_identification:_identify(ardupilot_gazebo/models/iris_with_standoffs/meshes) by extensions ['python_setup_py']
[0.086s] Level 1:colcon.colcon_core.package_identification:_identify(ardupilot_gazebo/models/iris_with_standoffs/meshes) by extension 'python_setup_py'
[0.086s] Level 1:colcon.colcon_core.package_identification:_identify(ardupilot_gazebo/worlds) by extensions ['ignore', 'ignore_ament_install']
[0.086s] Level 1:colcon.colcon_core.package_identification:_identify(ardupilot_gazebo/worlds) by extension 'ignore'
[0.086s] Level 1:colcon.colcon_core.package_identification:_identify(ardupilot_gazebo/worlds) by extension 'ignore_ament_install'
[0.086s] Level 1:colcon.colcon_core.package_identification:_identify(ardupilot_gazebo/worlds) by extensions ['colcon_pkg']
[0.086s] Level 1:colcon.colcon_core.package_identification:_identify(ardupilot_gazebo/worlds) by extension 'colcon_pkg'
[0.086s] Level 1:colcon.colcon_core.package_identification:_identify(ardupilot_gazebo/worlds) by extensions ['colcon_meta']
[0.086s] Level 1:colcon.colcon_core.package_identification:_identify(ardupilot_gazebo/worlds) by extension 'colcon_meta'
[0.086s] Level 1:colcon.colcon_core.package_identification:_identify(ardupilot_gazebo/worlds) by extensions ['ros']
[0.086s] Level 1:colcon.colcon_core.package_identification:_identify(ardupilot_gazebo/worlds) by extension 'ros'
[0.086s] Level 1:colcon.colcon_core.package_identification:_identify(ardupilot_gazebo/worlds) by extensions ['cmake', 'python']
[0.086s] Level 1:colcon.colcon_core.package_identification:_identify(ardupilot_gazebo/worlds) by extension 'cmake'
[0.086s] Level 1:colcon.colcon_core.package_identification:_identify(ardupilot_gazebo/worlds) by extension 'python'
[0.086s] Level 1:colcon.colcon_core.package_identification:_identify(ardupilot_gazebo/worlds) by extensions ['python_setup_py']
[0.086s] Level 1:colcon.colcon_core.package_identification:_identify(ardupilot_gazebo/worlds) by extension 'python_setup_py'
[0.086s] Level 1:colcon.colcon_core.package_identification:_identify(build) by extensions ['ignore', 'ignore_ament_install']
[0.087s] Level 1:colcon.colcon_core.package_identification:_identify(build) by extension 'ignore'
[0.087s] Level 1:colcon.colcon_core.package_identification:_identify(build) ignored
[0.087s] Level 1:colcon.colcon_core.package_identification:_identify(data) by extensions ['ignore', 'ignore_ament_install']
[0.087s] Level 1:colcon.colcon_core.package_identification:_identify(data) by extension 'ignore'
[0.087s] Level 1:colcon.colcon_core.package_identification:_identify(data) by extension 'ignore_ament_install'
[0.087s] Level 1:colcon.colcon_core.package_identification:_identify(data) by extensions ['colcon_pkg']
[0.087s] Level 1:colcon.colcon_core.package_identification:_identify(data) by extension 'colcon_pkg'
[0.087s] Level 1:colcon.colcon_core.package_identification:_identify(data) by extensions ['colcon_meta']
[0.087s] Level 1:colcon.colcon_core.package_identification:_identify(data) by extension 'colcon_meta'
[0.087s] Level 1:colcon.colcon_core.package_identification:_identify(data) by extensions ['ros']
[0.087s] Level 1:colcon.colcon_core.package_identification:_identify(data) by extension 'ros'
[0.087s] Level 1:colcon.colcon_core.package_identification:_identify(data) by extensions ['cmake', 'python']
[0.087s] Level 1:colcon.colcon_core.package_identification:_identify(data) by extension 'cmake'
[0.087s] Level 1:colcon.colcon_core.package_identification:_identify(data) by extension 'python'
[0.087s] Level 1:colcon.colcon_core.package_identification:_identify(data) by extensions ['python_setup_py']
[0.087s] Level 1:colcon.colcon_core.package_identification:_identify(data) by extension 'python_setup_py'
[0.087s] Level 1:colcon.colcon_core.package_identification:_identify(data/incoming) by extensions ['ignore', 'ignore_ament_install']
[0.087s] Level 1:colcon.colcon_core.package_identification:_identify(data/incoming) by extension 'ignore'
[0.087s] Level 1:colcon.colcon_core.package_identification:_identify(data/incoming) by extension 'ignore_ament_install'
[0.087s] Level 1:colcon.colcon_core.package_identification:_identify(data/incoming) by extensions ['colcon_pkg']
[0.087s] Level 1:colcon.colcon_core.package_identification:_identify(data/incoming) by extension 'colcon_pkg'
[0.087s] Level 1:colcon.colcon_core.package_identification:_identify(data/incoming) by extensions ['colcon_meta']
[0.087s] Level 1:colcon.colcon_core.package_identification:_identify(data/incoming) by extension 'colcon_meta'
[0.087s] Level 1:colcon.colcon_core.package_identification:_identify(data/incoming) by extensions ['ros']
[0.087s] Level 1:colcon.colcon_core.package_identification:_identify(data/incoming) by extension 'ros'
[0.087s] Level 1:colcon.colcon_core.package_identification:_identify(data/incoming) by extensions ['cmake', 'python']
[0.087s] Level 1:colcon.colcon_core.package_identification:_identify(data/incoming) by extension 'cmake'
[0.087s] Level 1:colcon.colcon_core.package_identification:_identify(data/incoming) by extension 'python'
[0.087s] Level 1:colcon.colcon_core.package_identification:_identify(data/incoming) by extensions ['python_setup_py']
[0.087s] Level 1:colcon.colcon_core.package_identification:_identify(data/incoming) by extension 'python_setup_py'
[0.087s] Level 1:colcon.colcon_core.package_identification:_identify(install) by extensions ['ignore', 'ignore_ament_install']
[0.087s] Level 1:colcon.colcon_core.package_identification:_identify(install) by extension 'ignore'
[0.087s] Level 1:colcon.colcon_core.package_identification:_identify(install) ignored
[0.087s] Level 1:colcon.colcon_core.package_identification:_identify(launch) by extensions ['ignore', 'ignore_ament_install']
[0.087s] Level 1:colcon.colcon_core.package_identification:_identify(launch) by extension 'ignore'
[0.087s] Level 1:colcon.colcon_core.package_identification:_identify(launch) by extension 'ignore_ament_install'
[0.087s] Level 1:colcon.colcon_core.package_identification:_identify(launch) by extensions ['colcon_pkg']
[0.087s] Level 1:colcon.colcon_core.package_identification:_identify(launch) by extension 'colcon_pkg'
[0.087s] Level 1:colcon.colcon_core.package_identification:_identify(launch) by extensions ['colcon_meta']
[0.087s] Level 1:colcon.colcon_core.package_identification:_identify(launch) by extension 'colcon_meta'
[0.087s] Level 1:colcon.colcon_core.package_identification:_identify(launch) by extensions ['ros']
[0.087s] Level 1:colcon.colcon_core.package_identification:_identify(launch) by extension 'ros'
[0.087s] Level 1:colcon.colcon_core.package_identification:_identify(launch) by extensions ['cmake', 'python']
[0.087s] Level 1:colcon.colcon_core.package_identification:_identify(launch) by extension 'cmake'
[0.087s] Level 1:colcon.colcon_core.package_identification:_identify(launch) by extension 'python'
[0.087s] Level 1:colcon.colcon_core.package_identification:_identify(launch) by extensions ['python_setup_py']
[0.087s] Level 1:colcon.colcon_core.package_identification:_identify(launch) by extension 'python_setup_py'
[0.088s] Level 1:colcon.colcon_core.package_identification:_identify(launch/__pycache__) by extensions ['ignore', 'ignore_ament_install']
[0.088s] Level 1:colcon.colcon_core.package_identification:_identify(launch/__pycache__) by extension 'ignore'
[0.088s] Level 1:colcon.colcon_core.package_identification:_identify(launch/__pycache__) by extension 'ignore_ament_install'
[0.088s] Level 1:colcon.colcon_core.package_identification:_identify(launch/__pycache__) by extensions ['colcon_pkg']
[0.088s] Level 1:colcon.colcon_core.package_identification:_identify(launch/__pycache__) by extension 'colcon_pkg'
[0.088s] Level 1:colcon.colcon_core.package_identification:_identify(launch/__pycache__) by extensions ['colcon_meta']
[0.088s] Level 1:colcon.colcon_core.package_identification:_identify(launch/__pycache__) by extension 'colcon_meta'
[0.088s] Level 1:colcon.colcon_core.package_identification:_identify(launch/__pycache__) by extensions ['ros']
[0.088s] Level 1:colcon.colcon_core.package_identification:_identify(launch/__pycache__) by extension 'ros'
[0.088s] Level 1:colcon.colcon_core.package_identification:_identify(launch/__pycache__) by extensions ['cmake', 'python']
[0.088s] Level 1:colcon.colcon_core.package_identification:_identify(launch/__pycache__) by extension 'cmake'
[0.088s] Level 1:colcon.colcon_core.package_identification:_identify(launch/__pycache__) by extension 'python'
[0.088s] Level 1:colcon.colcon_core.package_identification:_identify(launch/__pycache__) by extensions ['python_setup_py']
[0.088s] Level 1:colcon.colcon_core.package_identification:_identify(launch/__pycache__) by extension 'python_setup_py'
[0.088s] Level 1:colcon.colcon_core.package_identification:_identify(log) by extensions ['ignore', 'ignore_ament_install']
[0.088s] Level 1:colcon.colcon_core.package_identification:_identify(log) by extension 'ignore'
[0.088s] Level 1:colcon.colcon_core.package_identification:_identify(log) ignored
[0.088s] Level 1:colcon.colcon_core.package_identification:_identify(logs) by extensions ['ignore', 'ignore_ament_install']
[0.088s] Level 1:colcon.colcon_core.package_identification:_identify(logs) by extension 'ignore'
[0.088s] Level 1:colcon.colcon_core.package_identification:_identify(logs) by extension 'ignore_ament_install'
[0.088s] Level 1:colcon.colcon_core.package_identification:_identify(logs) by extensions ['colcon_pkg']
[0.088s] Level 1:colcon.colcon_core.package_identification:_identify(logs) by extension 'colcon_pkg'
[0.088s] Level 1:colcon.colcon_core.package_identification:_identify(logs) by extensions ['colcon_meta']
[0.088s] Level 1:colcon.colcon_core.package_identification:_identify(logs) by extension 'colcon_meta'
[0.088s] Level 1:colcon.colcon_core.package_identification:_identify(logs) by extensions ['ros']
[0.088s] Level 1:colcon.colcon_core.package_identification:_identify(logs) by extension 'ros'
[0.088s] Level 1:colcon.colcon_core.package_identification:_identify(logs) by extensions ['cmake', 'python']
[0.088s] Level 1:colcon.colcon_core.package_identification:_identify(logs) by extension 'cmake'
[0.088s] Level 1:colcon.colcon_core.package_identification:_identify(logs) by extension 'python'
[0.088s] Level 1:colcon.colcon_core.package_identification:_identify(logs) by extensions ['python_setup_py']
[0.088s] Level 1:colcon.colcon_core.package_identification:_identify(logs) by extension 'python_setup_py'
[0.088s] Level 1:colcon.colcon_core.package_identification:_identify(mission_control) by extensions ['ignore', 'ignore_ament_install']
[0.088s] Level 1:colcon.colcon_core.package_identification:_identify(mission_control) by extension 'ignore'
[0.088s] Level 1:colcon.colcon_core.package_identification:_identify(mission_control) by extension 'ignore_ament_install'
[0.088s] Level 1:colcon.colcon_core.package_identification:_identify(mission_control) by extensions ['colcon_pkg']
[0.088s] Level 1:colcon.colcon_core.package_identification:_identify(mission_control) by extension 'colcon_pkg'
[0.088s] Level 1:colcon.colcon_core.package_identification:_identify(mission_control) by extensions ['colcon_meta']
[0.088s] Level 1:colcon.colcon_core.package_identification:_identify(mission_control) by extension 'colcon_meta'
[0.088s] Level 1:colcon.colcon_core.package_identification:_identify(mission_control) by extensions ['ros']
[0.088s] Level 1:colcon.colcon_core.package_identification:_identify(mission_control) by extension 'ros'
[0.088s] Level 1:colcon.colcon_core.package_identification:_identify(mission_control) by extensions ['cmake', 'python']
[0.088s] Level 1:colcon.colcon_core.package_identification:_identify(mission_control) by extension 'cmake'
[0.088s] Level 1:colcon.colcon_core.package_identification:_identify(mission_control) by extension 'python'
[0.088s] Level 1:colcon.colcon_core.package_identification:_identify(mission_control) by extensions ['python_setup_py']
[0.088s] Level 1:colcon.colcon_core.package_identification:_identify(mission_control) by extension 'python_setup_py'
[0.088s] Level 1:colcon.colcon_core.package_identification:_identify(src) by extensions ['ignore', 'ignore_ament_install']
[0.088s] Level 1:colcon.colcon_core.package_identification:_identify(src) by extension 'ignore'
[0.088s] Level 1:colcon.colcon_core.package_identification:_identify(src) by extension 'ignore_ament_install'
[0.088s] Level 1:colcon.colcon_core.package_identification:_identify(src) by extensions ['colcon_pkg']
[0.088s] Level 1:colcon.colcon_core.package_identification:_identify(src) by extension 'colcon_pkg'
[0.088s] Level 1:colcon.colcon_core.package_identification:_identify(src) by extensions ['colcon_meta']
[0.089s] Level 1:colcon.colcon_core.package_identification:_identify(src) by extension 'colcon_meta'
[0.089s] Level 1:colcon.colcon_core.package_identification:_identify(src) by extensions ['ros']
[0.089s] Level 1:colcon.colcon_core.package_identification:_identify(src) by extension 'ros'
[0.089s] Level 1:colcon.colcon_core.package_identification:_identify(src) by extensions ['cmake', 'python']
[0.089s] Level 1:colcon.colcon_core.package_identification:_identify(src) by extension 'cmake'
[0.089s] Level 1:colcon.colcon_core.package_identification:_identify(src) by extension 'python'
[0.089s] Level 1:colcon.colcon_core.package_identification:_identify(src) by extensions ['python_setup_py']
[0.089s] Level 1:colcon.colcon_core.package_identification:_identify(src) by extension 'python_setup_py'
[0.089s] Level 1:colcon.colcon_core.package_identification:_identify(src/uav_inspection) by extensions ['ignore', 'ignore_ament_install']
[0.089s] Level 1:colcon.colcon_core.package_identification:_identify(src/uav_inspection) by extension 'ignore'
[0.089s] Level 1:colcon.colcon_core.package_identification:_identify(src/uav_inspection) by extension 'ignore_ament_install'
[0.089s] Level 1:colcon.colcon_core.package_identification:_identify(src/uav_inspection) by extensions ['colcon_pkg']
[0.089s] Level 1:colcon.colcon_core.package_identification:_identify(src/uav_inspection) by extension 'colcon_pkg'
[0.089s] Level 1:colcon.colcon_core.package_identification:_identify(src/uav_inspection) by extensions ['colcon_meta']
[0.089s] Level 1:colcon.colcon_core.package_identification:_identify(src/uav_inspection) by extension 'colcon_meta'
[0.089s] Level 1:colcon.colcon_core.package_identification:_identify(src/uav_inspection) by extensions ['ros']
[0.089s] Level 1:colcon.colcon_core.package_identification:_identify(src/uav_inspection) by extension 'ros'
[0.090s] DEBUG:colcon.colcon_core.package_identification:Package 'src/uav_inspection' with type 'ros.ament_python' and name 'uav_inspection'
[0.090s] Level 1:colcon.colcon_core.package_identification:_identify(src/uav_mission) by extensions ['ignore', 'ignore_ament_install']
[0.090s] Level 1:colcon.colcon_core.package_identification:_identify(src/uav_mission) by extension 'ignore'
[0.090s] Level 1:colcon.colcon_core.package_identification:_identify(src/uav_mission) by extension 'ignore_ament_install'
[0.090s] Level 1:colcon.colcon_core.package_identification:_identify(src/uav_mission) by extensions ['colcon_pkg']
[0.090s] Level 1:colcon.colcon_core.package_identification:_identify(src/uav_mission) by extension 'colcon_pkg'
[0.090s] Level 1:colcon.colcon_core.package_identification:_identify(src/uav_mission) by extensions ['colcon_meta']
[0.090s] Level 1:colcon.colcon_core.package_identification:_identify(src/uav_mission) by extension 'colcon_meta'
[0.090s] Level 1:colcon.colcon_core.package_identification:_identify(src/uav_mission) by extensions ['ros']
[0.090s] Level 1:colcon.colcon_core.package_identification:_identify(src/uav_mission) by extension 'ros'
[0.091s] DEBUG:colcon.colcon_core.package_identification:Package 'src/uav_mission' with type 'ros.ament_python' and name 'uav_mission'
[0.091s] Level 1:colcon.colcon_core.package_identification:_identify(terrain) by extensions ['ignore', 'ignore_ament_install']
[0.091s] Level 1:colcon.colcon_core.package_identification:_identify(terrain) by extension 'ignore'
[0.091s] Level 1:colcon.colcon_core.package_identification:_identify(terrain) by extension 'ignore_ament_install'
[0.091s] Level 1:colcon.colcon_core.package_identification:_identify(terrain) by extensions ['colcon_pkg']
[0.091s] Level 1:colcon.colcon_core.package_identification:_identify(terrain) by extension 'colcon_pkg'
[0.091s] Level 1:colcon.colcon_core.package_identification:_identify(terrain) by extensions ['colcon_meta']
[0.091s] Level 1:colcon.colcon_core.package_identification:_identify(terrain) by extension 'colcon_meta'
[0.091s] Level 1:colcon.colcon_core.package_identification:_identify(terrain) by extensions ['ros']
[0.091s] Level 1:colcon.colcon_core.package_identification:_identify(terrain) by extension 'ros'
[0.091s] Level 1:colcon.colcon_core.package_identification:_identify(terrain) by extensions ['cmake', 'python']
[0.091s] Level 1:colcon.colcon_core.package_identification:_identify(terrain) by extension 'cmake'
[0.091s] Level 1:colcon.colcon_core.package_identification:_identify(terrain) by extension 'python'
[0.091s] Level 1:colcon.colcon_core.package_identification:_identify(terrain) by extensions ['python_setup_py']
[0.091s] Level 1:colcon.colcon_core.package_identification:_identify(terrain) by extension 'python_setup_py'
[0.091s] Level 1:colcon.colcon_core.package_discovery:discover_packages(recursive) using defaults
[0.091s] Level 1:colcon.colcon_core.package_discovery:discover_packages(ignore) discover
[0.091s] Level 1:colcon.colcon_core.package_discovery:discover_packages(ignore) using defaults
[0.091s] Level 1:colcon.colcon_core.package_discovery:discover_packages(path) discover
[0.091s] Level 1:colcon.colcon_core.package_discovery:discover_packages(path) using defaults
[0.103s] Level 1:colcon.colcon_core.package_discovery:discover_packages(prefix_path) check parameters
[0.103s] Level 1:colcon.colcon_core.package_discovery:discover_packages(prefix_path) discover
[0.103s] WARNING:colcon.colcon_ros.prefix_path.ament:The path '/home/elena/Documentos/GitHub/IR2136/install/uav_mission' in the environment variable AMENT_PREFIX_PATH doesn't exist
[0.103s] WARNING:colcon.colcon_ros.prefix_path.ament:The path '/home/elena/Documentos/GitHub/IR2136/install/uav_inspection' in the environment variable AMENT_PREFIX_PATH doesn't exist
[0.103s] WARNING:colcon.colcon_ros.prefix_path.ament:The path '/home/elena/Documentos/GitHub/IR2136/install/uav_bridge' in the environment variable AMENT_PREFIX_PATH doesn't exist
[0.103s] DEBUG:colcon.colcon_installed_package_information.package_discovery:Found 0 installed packages in /home/elena/Documentos/GitHub/IR2136/install
[0.104s] DEBUG:colcon.colcon_installed_package_information.package_discovery:Found 286 installed packages in /opt/ros/humble
[0.105s] Level 1:colcon.colcon_core.package_discovery:discover_packages(prefix_path) using defaults
[0.122s] Level 5:colcon.colcon_core.verb:set package 'uav_inspection' build argument 'cmake_args' from command line to 'None'
[0.122s] Level 5:colcon.colcon_core.verb:set package 'uav_inspection' build argument 'cmake_target' from command line to 'None'
[0.122s] Level 5:colcon.colcon_core.verb:set package 'uav_inspection' build argument 'cmake_target_skip_unavailable' from command line to 'False'
[0.122s] Level 5:colcon.colcon_core.verb:set package 'uav_inspection' build argument 'cmake_clean_cache' from command line to 'False'
[0.122s] Level 5:colcon.colcon_core.verb:set package 'uav_inspection' build argument 'cmake_clean_first' from command line to 'False'
[0.122s] Level 5:colcon.colcon_core.verb:set package 'uav_inspection' build argument 'cmake_force_configure' from command line to 'False'
[0.122s] Level 5:colcon.colcon_core.verb:set package 'uav_inspection' build argument 'ament_cmake_args' from command line to 'None'
[0.122s] Level 5:colcon.colcon_core.verb:set package 'uav_inspection' build argument 'catkin_cmake_args' from command line to 'None'
[0.122s] Level 5:colcon.colcon_core.verb:set package 'uav_inspection' build argument 'catkin_skip_building_tests' from command line to 'False'
[0.122s] DEBUG:colcon.colcon_core.verb:Building package 'uav_inspection' with the following arguments: {'ament_cmake_args': None, 'build_base': '/home/elena/Documentos/GitHub/IR2136/build/uav_inspection', 'catkin_cmake_args': None, 'catkin_skip_building_tests': False, 'cmake_args': None, 'cmake_clean_cache': False, 'cmake_clean_first': False, 'cmake_force_configure': False, 'cmake_target': None, 'cmake_target_skip_unavailable': False, 'install_base': '/home/elena/Documentos/GitHub/IR2136/install/uav_inspection', 'merge_install': False, 'path': '/home/elena/Documentos/GitHub/IR2136/src/uav_inspection', 'symlink_install': False, 'test_result_base': None}
[0.122s] Level 5:colcon.colcon_core.verb:set package 'uav_mission' build argument 'cmake_args' from command line to 'None'
[0.122s] Level 5:colcon.colcon_core.verb:set package 'uav_mission' build argument 'cmake_target' from command line to 'None'
[0.122s] Level 5:colcon.colcon_core.verb:set package 'uav_mission' build argument 'cmake_target_skip_unavailable' from command line to 'False'
[0.122s] Level 5:colcon.colcon_core.verb:set package 'uav_mission' build argument 'cmake_clean_cache' from command line to 'False'
[0.122s] Level 5:colcon.colcon_core.verb:set package 'uav_mission' build argument 'cmake_clean_first' from command line to 'False'
[0.122s] Level 5:colcon.colcon_core.verb:set package 'uav_mission' build argument 'cmake_force_configure' from command line to 'False'
[0.122s] Level 5:colcon.colcon_core.verb:set package 'uav_mission' build argument 'ament_cmake_args' from command line to 'None'
[0.122s] Level 5:colcon.colcon_core.verb:set package 'uav_mission' build argument 'catkin_cmake_args' from command line to 'None'
[0.122s] Level 5:colcon.colcon_core.verb:set package 'uav_mission' build argument 'catkin_skip_building_tests' from command line to 'False'
[0.122s] DEBUG:colcon.colcon_core.verb:Building package 'uav_mission' with the following arguments: {'ament_cmake_args': None, 'build_base': '/home/elena/Documentos/GitHub/IR2136/build/uav_mission', 'catkin_cmake_args': None, 'catkin_skip_building_tests': False, 'cmake_args': None, 'cmake_clean_cache': False, 'cmake_clean_first': False, 'cmake_force_configure': False, 'cmake_target': None, 'cmake_target_skip_unavailable': False, 'install_base': '/home/elena/Documentos/GitHub/IR2136/install/uav_mission', 'merge_install': False, 'path': '/home/elena/Documentos/GitHub/IR2136/src/uav_mission', 'symlink_install': False, 'test_result_base': None}
[0.122s] INFO:colcon.colcon_core.executor:Executing jobs using 'parallel' executor
[0.123s] DEBUG:colcon.colcon_parallel_executor.executor.parallel:run_until_complete
[0.123s] INFO:colcon.colcon_ros.task.ament_python.build:Building ROS package in '/home/elena/Documentos/GitHub/IR2136/src/uav_inspection' with build type 'ament_python'
[0.123s] Level 1:colcon.colcon_core.shell:create_environment_hook('uav_inspection', 'ament_prefix_path')
[0.124s] INFO:colcon.colcon_core.plugin_system:Skipping extension 'colcon_core.shell.bat': Not used on non-Windows systems
[0.124s] INFO:colcon.colcon_core.shell:Creating environment hook '/home/elena/Documentos/GitHub/IR2136/install/uav_inspection/share/uav_inspection/hook/ament_prefix_path.ps1'
[0.125s] INFO:colcon.colcon_core.shell:Creating environment descriptor '/home/elena/Documentos/GitHub/IR2136/install/uav_inspection/share/uav_inspection/hook/ament_prefix_path.dsv'
[0.125s] INFO:colcon.colcon_core.shell:Creating environment hook '/home/elena/Documentos/GitHub/IR2136/install/uav_inspection/share/uav_inspection/hook/ament_prefix_path.sh'
[0.125s] INFO:colcon.colcon_core.shell:Skip shell extension 'powershell' for command environment: Not usable outside of PowerShell
[0.125s] DEBUG:colcon.colcon_core.shell:Skip shell extension 'dsv' for command environment
[0.236s] INFO:colcon.colcon_core.task.python.build:Building Python package in '/home/elena/Documentos/GitHub/IR2136/src/uav_inspection'
[0.236s] INFO:colcon.colcon_core.shell:Skip shell extension 'powershell' for command environment: Not usable outside of PowerShell
[0.236s] DEBUG:colcon.colcon_core.shell:Skip shell extension 'dsv' for command environment
[0.438s] DEBUG:colcon.colcon_core.event_handler.log_command:Invoking command in '/home/elena/Documentos/GitHub/IR2136/src/uav_inspection': PYTHONPATH=/home/elena/Documentos/GitHub/IR2136/build/uav_inspection/prefix_override:/usr/lib/python3/dist-packages/colcon_core/task/python/colcon_distutils_commands:/home/elena/Documentos/GitHub/IR2136/install/uav_inspection/lib/python3.10/site-packages:${PYTHONPATH} /usr/bin/python3 -W ignore:setup.py install is deprecated -W ignore:easy_install command is deprecated setup.py egg_info --egg-base ../../build/uav_inspection build --build-base /home/elena/Documentos/GitHub/IR2136/build/uav_inspection/build install --record /home/elena/Documentos/GitHub/IR2136/build/uav_inspection/install.log --single-version-externally-managed install_data
[0.627s] DEBUG:colcon.colcon_core.event_handler.log_command:Invoked command in '/home/elena/Documentos/GitHub/IR2136/src/uav_inspection' returned '0': PYTHONPATH=/home/elena/Documentos/GitHub/IR2136/build/uav_inspection/prefix_override:/usr/lib/python3/dist-packages/colcon_core/task/python/colcon_distutils_commands:/home/elena/Documentos/GitHub/IR2136/install/uav_inspection/lib/python3.10/site-packages:${PYTHONPATH} /usr/bin/python3 -W ignore:setup.py install is deprecated -W ignore:easy_install command is deprecated setup.py egg_info --egg-base ../../build/uav_inspection build --build-base /home/elena/Documentos/GitHub/IR2136/build/uav_inspection/build install --record /home/elena/Documentos/GitHub/IR2136/build/uav_inspection/install.log --single-version-externally-managed install_data
[0.628s] Level 1:colcon.colcon_core.environment:checking '/home/elena/Documentos/GitHub/IR2136/install/uav_inspection' for CMake module files
[0.628s] Level 1:colcon.colcon_core.environment:checking '/home/elena/Documentos/GitHub/IR2136/install/uav_inspection' for CMake config files
[0.628s] Level 1:colcon.colcon_core.environment:checking '/home/elena/Documentos/GitHub/IR2136/install/uav_inspection/lib'
[0.629s] Level 1:colcon.colcon_core.environment:checking '/home/elena/Documentos/GitHub/IR2136/install/uav_inspection/bin'
[0.629s] Level 1:colcon.colcon_core.environment:checking '/home/elena/Documentos/GitHub/IR2136/install/uav_inspection/lib/pkgconfig/uav_inspection.pc'
[0.629s] Level 1:colcon.colcon_core.environment:checking '/home/elena/Documentos/GitHub/IR2136/install/uav_inspection/lib/python3.10/site-packages'
[0.629s] Level 1:colcon.colcon_core.shell:create_environment_hook('uav_inspection', 'pythonpath')
[0.629s] INFO:colcon.colcon_core.shell:Creating environment hook '/home/elena/Documentos/GitHub/IR2136/install/uav_inspection/share/uav_inspection/hook/pythonpath.ps1'
[0.629s] INFO:colcon.colcon_core.shell:Creating environment descriptor '/home/elena/Documentos/GitHub/IR2136/install/uav_inspection/share/uav_inspection/hook/pythonpath.dsv'
[0.629s] INFO:colcon.colcon_core.shell:Creating environment hook '/home/elena/Documentos/GitHub/IR2136/install/uav_inspection/share/uav_inspection/hook/pythonpath.sh'
[0.630s] Level 1:colcon.colcon_core.environment:checking '/home/elena/Documentos/GitHub/IR2136/install/uav_inspection/bin'
[0.630s] Level 1:colcon.colcon_core.environment:create_environment_scripts_only(uav_inspection)
[0.630s] INFO:colcon.colcon_core.shell:Creating package script '/home/elena/Documentos/GitHub/IR2136/install/uav_inspection/share/uav_inspection/package.ps1'
[0.630s] INFO:colcon.colcon_core.shell:Creating package descriptor '/home/elena/Documentos/GitHub/IR2136/install/uav_inspection/share/uav_inspection/package.dsv'
[0.630s] INFO:colcon.colcon_core.shell:Creating package script '/home/elena/Documentos/GitHub/IR2136/install/uav_inspection/share/uav_inspection/package.sh'
[0.631s] INFO:colcon.colcon_core.shell:Creating package script '/home/elena/Documentos/GitHub/IR2136/install/uav_inspection/share/uav_inspection/package.bash'
[0.631s] INFO:colcon.colcon_core.shell:Creating package script '/home/elena/Documentos/GitHub/IR2136/install/uav_inspection/share/uav_inspection/package.zsh'
[0.631s] Level 1:colcon.colcon_core.environment:create_file_with_runtime_dependencies(/home/elena/Documentos/GitHub/IR2136/install/uav_inspection/share/colcon-core/packages/uav_inspection)
[0.632s] INFO:colcon.colcon_ros.task.ament_python.build:Building ROS package in '/home/elena/Documentos/GitHub/IR2136/src/uav_mission' with build type 'ament_python'
[0.632s] Level 1:colcon.colcon_core.shell:create_environment_hook('uav_mission', 'ament_prefix_path')
[0.632s] INFO:colcon.colcon_core.shell:Creating environment hook '/home/elena/Documentos/GitHub/IR2136/install/uav_mission/share/uav_mission/hook/ament_prefix_path.ps1'
[0.632s] INFO:colcon.colcon_core.shell:Creating environment descriptor '/home/elena/Documentos/GitHub/IR2136/install/uav_mission/share/uav_mission/hook/ament_prefix_path.dsv'
[0.632s] INFO:colcon.colcon_core.shell:Creating environment hook '/home/elena/Documentos/GitHub/IR2136/install/uav_mission/share/uav_mission/hook/ament_prefix_path.sh'
[0.633s] INFO:colcon.colcon_core.shell:Skip shell extension 'powershell' for command environment: Not usable outside of PowerShell
[0.633s] DEBUG:colcon.colcon_core.shell:Skip shell extension 'dsv' for command environment
[0.742s] INFO:colcon.colcon_core.task.python.build:Building Python package in '/home/elena/Documentos/GitHub/IR2136/src/uav_mission'
[0.742s] INFO:colcon.colcon_core.shell:Skip shell extension 'powershell' for command environment: Not usable outside of PowerShell
[0.742s] DEBUG:colcon.colcon_core.shell:Skip shell extension 'dsv' for command environment
[0.947s] DEBUG:colcon.colcon_core.event_handler.log_command:Invoking command in '/home/elena/Documentos/GitHub/IR2136/src/uav_mission': AMENT_PREFIX_PATH=/home/elena/Documentos/GitHub/IR2136/install/uav_inspection:/home/elena/Documentos/GitHub/IR2136/install/uav_mission:/home/elena/Documentos/GitHub/IR2136/install/uav_bridge:/opt/ros/humble PYTHONPATH=/home/elena/Documentos/GitHub/IR2136/build/uav_mission/prefix_override:/usr/lib/python3/dist-packages/colcon_core/task/python/colcon_distutils_commands:/home/elena/Documentos/GitHub/IR2136/install/uav_mission/lib/python3.10/site-packages:/home/elena/Documentos/GitHub/IR2136/install/uav_inspection/lib/python3.10/site-packages:/home/elena/Documentos/GitHub/IR2136/install/uav_mission/lib/python3.10/site-packages:/home/elena/Documentos/GitHub/IR2136/install/uav_bridge/lib/python3.10/site-packages:/opt/ros/humble/lib/python3.10/site-packages:/opt/ros/humble/local/lib/python3.10/dist-packages /usr/bin/python3 -W ignore:setup.py install is deprecated -W ignore:easy_install command is deprecated setup.py egg_info --egg-base ../../build/uav_mission build --build-base /home/elena/Documentos/GitHub/IR2136/build/uav_mission/build install --record /home/elena/Documentos/GitHub/IR2136/build/uav_mission/install.log --single-version-externally-managed install_data
[1.141s] Level 1:colcon.colcon_core.environment:checking '/home/elena/Documentos/GitHub/IR2136/install/uav_mission' for CMake module files
[1.142s] DEBUG:colcon.colcon_core.event_handler.log_command:Invoked command in '/home/elena/Documentos/GitHub/IR2136/src/uav_mission' returned '0': AMENT_PREFIX_PATH=/home/elena/Documentos/GitHub/IR2136/install/uav_inspection:/home/elena/Documentos/GitHub/IR2136/install/uav_mission:/home/elena/Documentos/GitHub/IR2136/install/uav_bridge:/opt/ros/humble PYTHONPATH=/home/elena/Documentos/GitHub/IR2136/build/uav_mission/prefix_override:/usr/lib/python3/dist-packages/colcon_core/task/python/colcon_distutils_commands:/home/elena/Documentos/GitHub/IR2136/install/uav_mission/lib/python3.10/site-packages:/home/elena/Documentos/GitHub/IR2136/install/uav_inspection/lib/python3.10/site-packages:/home/elena/Documentos/GitHub/IR2136/install/uav_mission/lib/python3.10/site-packages:/home/elena/Documentos/GitHub/IR2136/install/uav_bridge/lib/python3.10/site-packages:/opt/ros/humble/lib/python3.10/site-packages:/opt/ros/humble/local/lib/python3.10/dist-packages /usr/bin/python3 -W ignore:setup.py install is deprecated -W ignore:easy_install command is deprecated setup.py egg_info --egg-base ../../build/uav_mission build --build-base /home/elena/Documentos/GitHub/IR2136/build/uav_mission/build install --record /home/elena/Documentos/GitHub/IR2136/build/uav_mission/install.log --single-version-externally-managed install_data
[1.142s] Level 1:colcon.colcon_core.environment:checking '/home/elena/Documentos/GitHub/IR2136/install/uav_mission' for CMake config files
[1.142s] Level 1:colcon.colcon_core.environment:checking '/home/elena/Documentos/GitHub/IR2136/install/uav_mission/lib'
[1.142s] Level 1:colcon.colcon_core.environment:checking '/home/elena/Documentos/GitHub/IR2136/install/uav_mission/bin'
[1.142s] Level 1:colcon.colcon_core.environment:checking '/home/elena/Documentos/GitHub/IR2136/install/uav_mission/lib/pkgconfig/uav_mission.pc'
[1.142s] Level 1:colcon.colcon_core.environment:checking '/home/elena/Documentos/GitHub/IR2136/install/uav_mission/lib/python3.10/site-packages'
[1.142s] Level 1:colcon.colcon_core.shell:create_environment_hook('uav_mission', 'pythonpath')
[1.142s] INFO:colcon.colcon_core.shell:Creating environment hook '/home/elena/Documentos/GitHub/IR2136/install/uav_mission/share/uav_mission/hook/pythonpath.ps1'
[1.143s] INFO:colcon.colcon_core.shell:Creating environment descriptor '/home/elena/Documentos/GitHub/IR2136/install/uav_mission/share/uav_mission/hook/pythonpath.dsv'
[1.143s] INFO:colcon.colcon_core.shell:Creating environment hook '/home/elena/Documentos/GitHub/IR2136/install/uav_mission/share/uav_mission/hook/pythonpath.sh'
[1.143s] Level 1:colcon.colcon_core.environment:checking '/home/elena/Documentos/GitHub/IR2136/install/uav_mission/bin'
[1.143s] Level 1:colcon.colcon_core.environment:create_environment_scripts_only(uav_mission)
[1.143s] INFO:colcon.colcon_core.shell:Creating package script '/home/elena/Documentos/GitHub/IR2136/install/uav_mission/share/uav_mission/package.ps1'
[1.143s] INFO:colcon.colcon_core.shell:Creating package descriptor '/home/elena/Documentos/GitHub/IR2136/install/uav_mission/share/uav_mission/package.dsv'
[1.144s] INFO:colcon.colcon_core.shell:Creating package script '/home/elena/Documentos/GitHub/IR2136/install/uav_mission/share/uav_mission/package.sh'
[1.144s] INFO:colcon.colcon_core.shell:Creating package script '/home/elena/Documentos/GitHub/IR2136/install/uav_mission/share/uav_mission/package.bash'
[1.144s] INFO:colcon.colcon_core.shell:Creating package script '/home/elena/Documentos/GitHub/IR2136/install/uav_mission/share/uav_mission/package.zsh'
[1.144s] Level 1:colcon.colcon_core.environment:create_file_with_runtime_dependencies(/home/elena/Documentos/GitHub/IR2136/install/uav_mission/share/colcon-core/packages/uav_mission)
[1.144s] DEBUG:colcon.colcon_parallel_executor.executor.parallel:closing loop
[1.144s] DEBUG:colcon.colcon_parallel_executor.executor.parallel:loop closed
[1.144s] DEBUG:colcon.colcon_parallel_executor.executor.parallel:run_until_complete finished with '0'
[1.144s] DEBUG:colcon.colcon_core.event_reactor:joining thread
[1.147s] INFO:colcon.colcon_core.plugin_system:Skipping extension 'colcon_notification.desktop_notification.terminal_notifier': Not used on non-Darwin systems
[1.147s] INFO:colcon.colcon_core.plugin_system:Skipping extension 'colcon_notification.desktop_notification.win32': Not used on non-Windows systems
[1.147s] INFO:colcon.colcon_notification.desktop_notification:Sending desktop notification using 'notify2'
[1.158s] DEBUG:colcon.colcon_core.event_reactor:joined thread
[1.158s] INFO:colcon.colcon_core.shell:Creating prefix script '/home/elena/Documentos/GitHub/IR2136/install/local_setup.ps1'
[1.159s] INFO:colcon.colcon_core.shell:Creating prefix util module '/home/elena/Documentos/GitHub/IR2136/install/_local_setup_util_ps1.py'
[1.159s] INFO:colcon.colcon_core.shell:Creating prefix chain script '/home/elena/Documentos/GitHub/IR2136/install/setup.ps1'
[1.160s] INFO:colcon.colcon_core.shell:Creating prefix script '/home/elena/Documentos/GitHub/IR2136/install/local_setup.sh'
[1.160s] INFO:colcon.colcon_core.shell:Creating prefix util module '/home/elena/Documentos/GitHub/IR2136/install/_local_setup_util_sh.py'
[1.161s] INFO:colcon.colcon_core.shell:Creating prefix chain script '/home/elena/Documentos/GitHub/IR2136/install/setup.sh'
[1.161s] INFO:colcon.colcon_core.shell:Creating prefix script '/home/elena/Documentos/GitHub/IR2136/install/local_setup.bash'
[1.162s] INFO:colcon.colcon_core.shell:Creating prefix chain script '/home/elena/Documentos/GitHub/IR2136/install/setup.bash'
[1.162s] INFO:colcon.colcon_core.shell:Creating prefix script '/home/elena/Documentos/GitHub/IR2136/install/local_setup.zsh'
[1.162s] INFO:colcon.colcon_core.shell:Creating prefix chain script '/home/elena/Documentos/GitHub/IR2136/install/setup.zsh'
