running egg_info
creating ../../build/uav_mission/uav_mission.egg-info
writing ../../build/uav_mission/uav_mission.egg-info/PKG-INFO
writing dependency_links to ../../build/uav_mission/uav_mission.egg-info/dependency_links.txt
writing requirements to ../../build/uav_mission/uav_mission.egg-info/requires.txt
writing top-level names to ../../build/uav_mission/uav_mission.egg-info/top_level.txt
writing manifest file '../../build/uav_mission/uav_mission.egg-info/SOURCES.txt'
reading manifest file '../../build/uav_mission/uav_mission.egg-info/SOURCES.txt'
writing manifest file '../../build/uav_mission/uav_mission.egg-info/SOURCES.txt'
running build
running build_py
creating /home/elena/Documentos/GitHub/IR2136/build/uav_mission/build/lib/uav_mission
copying uav_mission/__init__.py -> /home/elena/Documentos/GitHub/IR2136/build/uav_mission/build/lib/uav_mission
running install
running install_lib
creating /home/elena/Documentos/GitHub/IR2136/install/uav_mission/lib/python3.10/site-packages/uav_mission
copying /home/elena/Documentos/GitHub/IR2136/build/uav_mission/build/lib/uav_mission/__init__.py -> /home/elena/Documentos/GitHub/IR2136/install/uav_mission/lib/python3.10/site-packages/uav_mission
byte-compiling /home/elena/Documentos/GitHub/IR2136/install/uav_mission/lib/python3.10/site-packages/uav_mission/__init__.py to __init__.cpython-310.pyc
running install_data
creating /home/elena/Documentos/GitHub/IR2136/install/uav_mission/share/ament_index/resource_index/packages
copying resource/uav_mission -> /home/elena/Documentos/GitHub/IR2136/install/uav_mission/share/ament_index/resource_index/packages
copying package.xml -> /home/elena/Documentos/GitHub/IR2136/install/uav_mission/share/uav_mission
running install_egg_info
Copying ../../build/uav_mission/uav_mission.egg-info to /home/elena/Documentos/GitHub/IR2136/install/uav_mission/lib/python3.10/site-packages/uav_mission-0.0.0-py3.10.egg-info
running install_scripts
writing list of installed files to '/home/elena/Documentos/GitHub/IR2136/build/uav_mission/install.log'
