[0.594s] Invoking command in '/home/elena/Documentos/GitHub/IR2136/src/uav_mission': PYTHONPATH=/home/elena/Documentos/GitHub/IR2136/build/uav_mission/prefix_override:/usr/lib/python3/dist-packages/colcon_core/task/python/colcon_distutils_commands:/home/elena/Documentos/GitHub/IR2136/install/uav_mission/lib/python3.10/site-packages:${PYTHONPATH} /usr/bin/python3 -W ignore:setup.py install is deprecated -W ignore:easy_install command is deprecated setup.py egg_info --egg-base ../../build/uav_mission build --build-base /home/elena/Documentos/GitHub/IR2136/build/uav_mission/build install --record /home/elena/Documentos/GitHub/IR2136/build/uav_mission/install.log --single-version-externally-managed install_data
[0.727s] running egg_info
[0.734s] creating ../../build/uav_mission/uav_mission.egg-info
[0.734s] writing ../../build/uav_mission/uav_mission.egg-info/PKG-INFO
[0.735s] writing dependency_links to ../../build/uav_mission/uav_mission.egg-info/dependency_links.txt
[0.735s] writing requirements to ../../build/uav_mission/uav_mission.egg-info/requires.txt
[0.735s] writing top-level names to ../../build/uav_mission/uav_mission.egg-info/top_level.txt
[0.735s] writing manifest file '../../build/uav_mission/uav_mission.egg-info/SOURCES.txt'
[0.750s] reading manifest file '../../build/uav_mission/uav_mission.egg-info/SOURCES.txt'
[0.751s] writing manifest file '../../build/uav_mission/uav_mission.egg-info/SOURCES.txt'
[0.751s] running build
[0.751s] running build_py
[0.751s] creating /home/elena/Documentos/GitHub/IR2136/build/uav_mission/build/lib/uav_mission
[0.751s] copying uav_mission/__init__.py -> /home/elena/Documentos/GitHub/IR2136/build/uav_mission/build/lib/uav_mission
[0.751s] running install
[0.754s] running install_lib
[0.762s] creating /home/elena/Documentos/GitHub/IR2136/install/uav_mission/lib/python3.10/site-packages/uav_mission
[0.762s] copying /home/elena/Documentos/GitHub/IR2136/build/uav_mission/build/lib/uav_mission/__init__.py -> /home/elena/Documentos/GitHub/IR2136/install/uav_mission/lib/python3.10/site-packages/uav_mission
[0.762s] byte-compiling /home/elena/Documentos/GitHub/IR2136/install/uav_mission/lib/python3.10/site-packages/uav_mission/__init__.py to __init__.cpython-310.pyc
[0.762s] running install_data
[0.762s] creating /home/elena/Documentos/GitHub/IR2136/install/uav_mission/share/ament_index/resource_index/packages
[0.762s] copying resource/uav_mission -> /home/elena/Documentos/GitHub/IR2136/install/uav_mission/share/ament_index/resource_index/packages
[0.762s] copying package.xml -> /home/elena/Documentos/GitHub/IR2136/install/uav_mission/share/uav_mission
[0.762s] running install_egg_info
[0.771s] Copying ../../build/uav_mission/uav_mission.egg-info to /home/elena/Documentos/GitHub/IR2136/install/uav_mission/lib/python3.10/site-packages/uav_mission-0.0.0-py3.10.egg-info
[0.771s] running install_scripts
[0.787s] writing list of installed files to '/home/elena/Documentos/GitHub/IR2136/build/uav_mission/install.log'
[0.813s] Invoked command in '/home/elena/Documentos/GitHub/IR2136/src/uav_mission' returned '0': PYTHONPATH=/home/elena/Documentos/GitHub/IR2136/build/uav_mission/prefix_override:/usr/lib/python3/dist-packages/colcon_core/task/python/colcon_distutils_commands:/home/elena/Documentos/GitHub/IR2136/install/uav_mission/lib/python3.10/site-packages:${PYTHONPATH} /usr/bin/python3 -W ignore:setup.py install is deprecated -W ignore:easy_install command is deprecated setup.py egg_info --egg-base ../../build/uav_mission build --build-base /home/elena/Documentos/GitHub/IR2136/build/uav_mission/build install --record /home/elena/Documentos/GitHub/IR2136/build/uav_mission/install.log --single-version-externally-managed install_data
