/home/elena/Documentos/GitHub/IR2136/install/uav_mission/lib/python3.10/site-packages/uav_mission/__init__.py
/home/elena/Documentos/GitHub/IR2136/install/uav_mission/lib/python3.10/site-packages/uav_mission/mvs_straight_photo_node.py
/home/elena/Documentos/GitHub/IR2136/install/uav_mission/lib/python3.10/site-packages/uav_mission/nodes/json_to_marker.py
/home/elena/Documentos/GitHub/IR2136/install/uav_mission/lib/python3.10/site-packages/uav_mission/nodes/__init__.py
/home/elena/Documentos/GitHub/IR2136/install/uav_mission/lib/python3.10/site-packages/uav_mission/nodes/mvs_straight_photo.py
/home/elena/Documentos/GitHub/IR2136/install/uav_mission/lib/python3.10/site-packages/uav_mission/__pycache__/__init__.cpython-310.pyc
/home/elena/Documentos/GitHub/IR2136/install/uav_mission/lib/python3.10/site-packages/uav_mission/__pycache__/mvs_straight_photo_node.cpython-310.pyc
/home/elena/Documentos/GitHub/IR2136/install/uav_mission/lib/python3.10/site-packages/uav_mission/nodes/__pycache__/json_to_marker.cpython-310.pyc
/home/elena/Documentos/GitHub/IR2136/install/uav_mission/lib/python3.10/site-packages/uav_mission/nodes/__pycache__/__init__.cpython-310.pyc
/home/elena/Documentos/GitHub/IR2136/install/uav_mission/lib/python3.10/site-packages/uav_mission/nodes/__pycache__/mvs_straight_photo.cpython-310.pyc
/home/elena/Documentos/GitHub/IR2136/install/uav_mission/share/ament_index/resource_index/packages/uav_mission
/home/elena/Documentos/GitHub/IR2136/install/uav_mission/share/uav_mission/package.xml
/home/elena/Documentos/GitHub/IR2136/install/uav_mission/share/uav_mission/launch/mission_full.launch.py
/home/elena/Documentos/GitHub/IR2136/install/uav_mission/lib/python3.10/site-packages/uav_mission-0.0.0-py3.10.egg-info/dependency_links.txt
/home/elena/Documentos/GitHub/IR2136/install/uav_mission/lib/python3.10/site-packages/uav_mission-0.0.0-py3.10.egg-info/PKG-INFO
/home/elena/Documentos/GitHub/IR2136/install/uav_mission/lib/python3.10/site-packages/uav_mission-0.0.0-py3.10.egg-info/SOURCES.txt
/home/elena/Documentos/GitHub/IR2136/install/uav_mission/lib/python3.10/site-packages/uav_mission-0.0.0-py3.10.egg-info/top_level.txt
/home/elena/Documentos/GitHub/IR2136/install/uav_mission/lib/python3.10/site-packages/uav_mission-0.0.0-py3.10.egg-info/zip-safe
/home/elena/Documentos/GitHub/IR2136/install/uav_mission/lib/python3.10/site-packages/uav_mission-0.0.0-py3.10.egg-info/entry_points.txt
/home/elena/Documentos/GitHub/IR2136/install/uav_mission/lib/python3.10/site-packages/uav_mission-0.0.0-py3.10.egg-info/requires.txt
/home/elena/Documentos/GitHub/IR2136/install/uav_mission/lib/uav_mission/mvs_straight_photo
